[0430/100651:ERROR:process_reader_win.cc(232)] ReadMemory at 0x64ee0000 of 64 bytes failed: Only part of a ReadProcessMemory or WriteProcessMemory request was completed. (0x12B)
[0430/100651:WARNING:pe_image_reader.cc(280)] could not read dos header from C:\Program Files (x86)\Google\Chrome\Application\50.0.2661.87\chrome_elf.dll
[0430/100651:ERROR:process_reader_win.cc(232)] ReadMemory at 0x72d90000 of 64 bytes failed: Only part of a ReadProcessMemory or WriteProcessMemory request was completed. (0x12B)
[0430/100651:WARNING:pe_image_reader.cc(280)] could not read dos header from C:\WINDOWS\WinSxS\x86_microsoft.windows.common-controls_6595b64144ccf1df_6.0.10586.0_none_d3c2e4e965da4528\COMCTL32.dll
[0430/100651:ERROR:process_reader_win.cc(232)] ReadMemory at 0x6e320000 of 64 bytes failed: Only part of a ReadProcessMemory or WriteProcessMemory request was completed. (0x12B)
[0430/100651:WARNING:pe_image_reader.cc(280)] could not read dos header from C:\WINDOWS\SYSTEM32\fwbase.dll
[0430/100651:ERROR:process_reader_win.cc(232)] ReadMemory at 0x6e350000 of 64 bytes failed: Only part of a ReadProcessMemory or WriteProcessMemory request was completed. (0x12B)
[0430/100651:WARNING:pe_image_reader.cc(280)] could not read dos header from C:\WINDOWS\SYSTEM32\DAVHLPR.DLL
[0430/100651:ERROR:process_reader_win.cc(232)] ReadMemory at 0x6e530000 of 64 bytes failed: Only part of a ReadProcessMemory or WriteProcessMemory request was completed. (0x12B)
[0430/100651:WARNING:pe_image_reader.cc(280)] could not read dos header from C:\WINDOWS\SYSTEM32\USP10.dll
[0430/100651:ERROR:process_reader_win.cc(232)] ReadMemory at 0x72d40000 of 64 bytes failed: Only part of a ReadProcessMemory or WriteProcessMemory request was completed. (0x12B)
[0430/100651:WARNING:pe_image_reader.cc(280)] could not read dos header from C:\WINDOWS\SYSTEM32\Secur32.dll
[0430/100651:ERROR:process_reader_win.cc(232)] ReadMemory at 0x5fd50000 of 64 bytes failed: Only part of a ReadProcessMemory or WriteProcessMemory request was completed. (0x12B)
[0430/100651:WARNING:pe_image_reader.cc(280)] could not read dos header from C:\Program Files (x86)\Google\Chrome\Application\50.0.2661.87\chrome_child.dll
[0430/100651:ERROR:process_reader_win.cc(232)] ReadMemory at 0x67100000 of 64 bytes failed: Only part of a ReadProcessMemory or WriteProcessMemory request was completed. (0x12B)
[0430/100651:WARNING:pe_image_reader.cc(280)] could not read dos header from C:\WINDOWS\SYSTEM32\dwrite.dll
[0430/100651:ERROR:process_reader_win.cc(232)] ReadMemory at 0x64ee0000 of 64 bytes failed: Only part of a ReadProcessMemory or WriteProcessMemory request was completed. (0x12B)
[0430/100651:WARNING:pe_image_reader.cc(280)] could not read dos header from C:\Program Files (x86)\Google\Chrome\Application\50.0.2661.87\chrome_elf.dll
[0430/100651:ERROR:process_reader_win.cc(232)] ReadMemory at 0x72d90000 of 64 bytes failed: Only part of a ReadProcessMemory or WriteProcessMemory request was completed. (0x12B)
[0430/100651:WARNING:pe_image_reader.cc(280)] could not read dos header from C:\WINDOWS\WinSxS\x86_microsoft.windows.common-controls_6595b64144ccf1df_6.0.10586.0_none_d3c2e4e965da4528\COMCTL32.dll
[0430/100651:ERROR:process_reader_win.cc(232)] ReadMemory at 0x6e320000 of 64 bytes failed: Only part of a ReadProcessMemory or WriteProcessMemory request was completed. (0x12B)
[0430/100651:WARNING:pe_image_reader.cc(280)] could not read dos header from C:\WINDOWS\SYSTEM32\fwbase.dll
[0430/100651:ERROR:process_reader_win.cc(232)] ReadMemory at 0x6e350000 of 64 bytes failed: Only part of a ReadProcessMemory or WriteProcessMemory request was completed. (0x12B)
[0430/100651:WARNING:pe_image_reader.cc(280)] could not read dos header from C:\WINDOWS\SYSTEM32\DAVHLPR.DLL
[0430/100651:ERROR:process_reader_win.cc(232)] ReadMemory at 0x6e530000 of 64 bytes failed: Only part of a ReadProcessMemory or WriteProcessMemory request was completed. (0x12B)
[0430/100651:WARNING:pe_image_reader.cc(280)] could not read dos header from C:\WINDOWS\SYSTEM32\USP10.dll
[0430/100651:ERROR:process_reader_win.cc(232)] ReadMemory at 0x72d40000 of 64 bytes failed: Only part of a ReadProcessMemory or WriteProcessMemory request was completed. (0x12B)
[0430/100651:WARNING:pe_image_reader.cc(280)] could not read dos header from C:\WINDOWS\SYSTEM32\Secur32.dll
[0430/100651:ERROR:process_reader_win.cc(232)] ReadMemory at 0x5fd50000 of 64 bytes failed: Only part of a ReadProcessMemory or WriteProcessMemory request was completed. (0x12B)
[0430/100651:WARNING:pe_image_reader.cc(280)] could not read dos header from C:\Program Files (x86)\Google\Chrome\Application\50.0.2661.87\chrome_child.dll
[0430/100651:ERROR:process_reader_win.cc(232)] ReadMemory at 0x67100000 of 64 bytes failed: Only part of a ReadProcessMemory or WriteProcessMemory request was completed. (0x12B)
[0430/100651:WARNING:pe_image_reader.cc(280)] could not read dos header from C:\WINDOWS\SYSTEM32\dwrite.dll
[0430/100651:ERROR:process_reader_win.cc(141)] SuspendThread: Access is denied. (0x5)
[0430/100651:ERROR:process_reader_win.cc(232)] ReadMemory at 0x38d1b4 of 12 bytes failed: Only part of a ReadProcessMemory or WriteProcessMemory request was completed. (0x12B)
[0430/100651:WARNING:process_snapshot_win.cc(96)] ReadMemory ExceptionInformation failed
[0430/100651:WARNING:crash_report_exception_handler.cc(60)] ProcessSnapshotWin::InitializeException failed
[0430/100651:ERROR:scoped_process_suspend.cc(38)] NtResumeProcess, ntstatus=-1073741558
